0 info it worked if it ends with ok
1 verbose cli [ '/usr/local/bin/node', '/usr/local/bin/npm', 'start' ]
2 info using npm@3.10.10
3 info using node@v6.10.0
4 verbose run-script [ 'prestart', 'start', 'poststart' ]
5 info lifecycle react-template-hot@~prestart: react-template-hot@
6 silly lifecycle react-template-hot@~prestart: no script for prestart, continuing
7 info lifecycle react-template-hot@~start: react-template-hot@
8 verbose lifecycle react-template-hot@~start: unsafe-perm in lifecycle true
9 verbose lifecycle react-template-hot@~start: PATH: /usr/local/lib/node_modules/npm/bin/node-gyp-bin:/Users/zack/Documents/develop/personal/react-template-hot/node_modules/.bin:/usr/local/mysql/bin:/Users/zack/Documents/develop/_activator/bin:/Users/zack/Documents/develop/_sbt/bin:/usr/local/bin:/usr/bin:/bin:/usr/sbin:/sbin:/usr/local/mysql/bin:/Users/zack/Documents/develop/_activator/bin:/Users/zack/Documents/develop/_sbt/bin
10 verbose lifecycle react-template-hot@~start: CWD: /Users/zack/Documents/develop/personal/react-template-hot
11 silly lifecycle react-template-hot@~start: Args: [ '-c', 'NODE_ENV=development webpack-dev-server --progress' ]
12 silly lifecycle react-template-hot@~start: Returned: code: 1  signal: null
13 info lifecycle react-template-hot@~start: Failed to exec start script
14 verbose stack Error: react-template-hot@ start: `NODE_ENV=development webpack-dev-server --progress`
14 verbose stack Exit status 1
14 verbose stack     at EventEmitter.<anonymous> (/usr/local/lib/node_modules/npm/lib/utils/lifecycle.js:255:16)
14 verbose stack     at emitTwo (events.js:106:13)
14 verbose stack     at EventEmitter.emit (events.js:191:7)
14 verbose stack     at ChildProcess.<anonymous> (/usr/local/lib/node_modules/npm/lib/utils/spawn.js:40:14)
14 verbose stack     at emitTwo (events.js:106:13)
14 verbose stack     at ChildProcess.emit (events.js:191:7)
14 verbose stack     at maybeClose (internal/child_process.js:877:16)
14 verbose stack     at Process.ChildProcess._handle.onexit (internal/child_process.js:226:5)
15 verbose pkgid react-template-hot@
16 verbose cwd /Users/zack/Documents/develop/personal/react-template-hot
17 error Darwin 16.6.0
18 error argv "/usr/local/bin/node" "/usr/local/bin/npm" "start"
19 error node v6.10.0
20 error npm  v3.10.10
21 error code ELIFECYCLE
22 error react-template-hot@ start: `NODE_ENV=development webpack-dev-server --progress`
22 error Exit status 1
23 error Failed at the react-template-hot@ start script 'NODE_ENV=development webpack-dev-server --progress'.
23 error Make sure you have the latest version of node.js and npm installed.
23 error If you do, this is most likely a problem with the react-template-hot package,
23 error not with npm itself.
23 error Tell the author that this fails on your system:
23 error     NODE_ENV=development webpack-dev-server --progress
23 error You can get information on how to open an issue for this project with:
23 error     npm bugs react-template-hot
23 error Or if that isn't available, you can get their info via:
23 error     npm owner ls react-template-hot
23 error There is likely additional logging output above.
24 verbose exit [ 1, true ]
